<?xml version="1.0" encoding="UTF-8"?>
<testsuite name="com.bankretaildigital.creditcardservice.CreditcardserviceApplicationTests" time="0.618" tests="2" errors="0" skipped="0" failures="0">
  <properties>
[...]
</properties>
  <testcase name="shouldGrantApplicationWhenCreditScoreIsHigh" classname="com.bankretaildigital.creditcardservice.CreditcardserviceApplicationTests" time="0.571"/>
  <testcase name="shouldDenyApplicationWhenCreditScoreIsLow" classname="com.bankretaildigital.creditcardservice.CreditcardserviceApplicationTests" time="0.047"/>
</testsuite>